# Logfile created on 2012-07-01 21:38:14 -0700 by logger.rb/25413
REQUESTING PAGE: GET / with {} and HTTP headers {}
REQUESTING PAGE: GET / with {} and HTTP headers {}
REQUESTING PAGE: GET / with {} and HTTP headers {}
REQUESTING PAGE: GET / with {} and HTTP headers {}
REQUESTING PAGE: GET /profile with {} and HTTP headers {}
REQUESTING PAGE: GET / with {} and HTTP headers {}
REQUESTING PAGE: GET /help with {} and HTTP headers {"HTTP_REFERER"=>"/"}
REQUESTING PAGE: GET / with {} and HTTP headers {}
REQUESTING PAGE: GET /help with {} and HTTP headers {"HTTP_REFERER"=>"/"}
REQUESTING PAGE: GET / with {} and HTTP headers {}
REQUESTING PAGE: GET /help with {} and HTTP headers {"HTTP_REFERER"=>"/"}
REQUESTING PAGE: GET / with {} and HTTP headers {}
REQUESTING PAGE: GET /help with {} and HTTP headers {"HTTP_REFERER"=>"/"}
REQUESTING PAGE: GET /signup with {} and HTTP headers {"HTTP_REFERER"=>"/help"}
REQUESTING PAGE: GET / with {} and HTTP headers {}
REQUESTING PAGE: GET /help with {} and HTTP headers {"HTTP_REFERER"=>"/"}
REQUESTING PAGE: GET /signup with {} and HTTP headers {"HTTP_REFERER"=>"/help"}
REQUESTING PAGE: GET /dashboard with {} and HTTP headers {"HTTP_REFERER"=>"/signup"}
REQUESTING PAGE: GET / with {} and HTTP headers {}
REQUESTING PAGE: GET /help with {} and HTTP headers {"HTTP_REFERER"=>"/"}
REQUESTING PAGE: GET /signup with {} and HTTP headers {"HTTP_REFERER"=>"/help"}
REQUESTING PAGE: GET /dashboard with {} and HTTP headers {}
REQUESTING PAGE: GET / with {} and HTTP headers {}
REQUESTING PAGE: GET /help with {} and HTTP headers {"HTTP_REFERER"=>"/"}
REQUESTING PAGE: GET /signup with {} and HTTP headers {"HTTP_REFERER"=>"/help"}
REQUESTING PAGE: GET /dashboard with {} and HTTP headers {}
REQUESTING PAGE: GET / with {} and HTTP headers {}
REQUESTING PAGE: GET /help with {} and HTTP headers {"HTTP_REFERER"=>"/"}
REQUESTING PAGE: GET /signup with {} and HTTP headers {"HTTP_REFERER"=>"/help"}
REQUESTING PAGE: GET /dashboard with {} and HTTP headers {}
REQUESTING PAGE: GET / with {} and HTTP headers {}
REQUESTING PAGE: GET /help with {} and HTTP headers {"HTTP_REFERER"=>"/"}
REQUESTING PAGE: GET /signup with {} and HTTP headers {"HTTP_REFERER"=>"/help"}
REQUESTING PAGE: GET /dashboard with {} and HTTP headers {}
REQUESTING PAGE: GET / with {} and HTTP headers {}
REQUESTING PAGE: GET /help with {} and HTTP headers {"HTTP_REFERER"=>"/"}
REQUESTING PAGE: GET /signup with {} and HTTP headers {"HTTP_REFERER"=>"/help"}
REQUESTING PAGE: GET /dashboard with {} and HTTP headers {}
REQUESTING PAGE: GET / with {} and HTTP headers {}
REQUESTING PAGE: GET /help with {} and HTTP headers {"HTTP_REFERER"=>"/"}
REQUESTING PAGE: GET /signup with {} and HTTP headers {"HTTP_REFERER"=>"/help"}
REQUESTING PAGE: GET /dashboard with {} and HTTP headers {}
REQUESTING PAGE: GET / with {} and HTTP headers {}
REQUESTING PAGE: GET /help with {} and HTTP headers {"HTTP_REFERER"=>"/"}
REQUESTING PAGE: GET /signup with {} and HTTP headers {"HTTP_REFERER"=>"/help"}
REQUESTING PAGE: GET /dashboard with {} and HTTP headers {}
REQUESTING PAGE: GET / with {} and HTTP headers {}
REQUESTING PAGE: GET /help with {} and HTTP headers {"HTTP_REFERER"=>"/"}
REQUESTING PAGE: GET /signup with {} and HTTP headers {"HTTP_REFERER"=>"/help"}
REQUESTING PAGE: GET /dashboard with {} and HTTP headers {}
REQUESTING PAGE: GET / with {} and HTTP headers {}
REQUESTING PAGE: GET /help with {} and HTTP headers {"HTTP_REFERER"=>"/"}
REQUESTING PAGE: GET /signup with {} and HTTP headers {"HTTP_REFERER"=>"/help"}
REQUESTING PAGE: GET /profile with {} and HTTP headers {}
REQUESTING PAGE: GET /listings with {} and HTTP headers {"HTTP_REFERER"=>"/profile"}
REQUESTING PAGE: GET / with {} and HTTP headers {}
REQUESTING PAGE: GET /help with {} and HTTP headers {"HTTP_REFERER"=>"/"}
REQUESTING PAGE: GET /signup with {} and HTTP headers {"HTTP_REFERER"=>"/help"}
REQUESTING PAGE: GET /profile with {} and HTTP headers {}
REQUESTING PAGE: GET /listings with {} and HTTP headers {"HTTP_REFERER"=>"/profile"}
REQUESTING PAGE: GET / with {} and HTTP headers {}
REQUESTING PAGE: GET /help with {} and HTTP headers {"HTTP_REFERER"=>"/"}
REQUESTING PAGE: GET /signup with {} and HTTP headers {"HTTP_REFERER"=>"/help"}
REQUESTING PAGE: GET /profile with {} and HTTP headers {}
REQUESTING PAGE: GET /listings with {} and HTTP headers {"HTTP_REFERER"=>"/profile"}
REQUESTING PAGE: GET / with {} and HTTP headers {}
REQUESTING PAGE: GET /help with {} and HTTP headers {"HTTP_REFERER"=>"/"}
REQUESTING PAGE: GET /signup with {} and HTTP headers {"HTTP_REFERER"=>"/help"}
REQUESTING PAGE: GET /profile with {} and HTTP headers {}
REQUESTING PAGE: GET /listings with {} and HTTP headers {"HTTP_REFERER"=>"/profile"}
REQUESTING PAGE: GET / with {} and HTTP headers {}
REQUESTING PAGE: GET /help with {} and HTTP headers {"HTTP_REFERER"=>"/"}
REQUESTING PAGE: GET /signup with {} and HTTP headers {"HTTP_REFERER"=>"/help"}
REQUESTING PAGE: GET /profile with {} and HTTP headers {}
REQUESTING PAGE: GET /listings with {} and HTTP headers {"HTTP_REFERER"=>"/profile"}
REQUESTING PAGE: GET / with {} and HTTP headers {}
REQUESTING PAGE: GET /help with {} and HTTP headers {"HTTP_REFERER"=>"/"}
REQUESTING PAGE: GET /signup with {} and HTTP headers {"HTTP_REFERER"=>"/help"}
REQUESTING PAGE: GET /profile with {} and HTTP headers {}
REQUESTING PAGE: GET /listings with {} and HTTP headers {"HTTP_REFERER"=>"/profile"}
REQUESTING PAGE: GET / with {} and HTTP headers {}
REQUESTING PAGE: GET /help with {} and HTTP headers {"HTTP_REFERER"=>"/"}
REQUESTING PAGE: GET /signup with {} and HTTP headers {"HTTP_REFERER"=>"/help"}
REQUESTING PAGE: GET /profile with {} and HTTP headers {}
REQUESTING PAGE: GET /listings with {} and HTTP headers {"HTTP_REFERER"=>"/profile"}
REQUESTING PAGE: GET / with {} and HTTP headers {}
REQUESTING PAGE: GET /help with {} and HTTP headers {"HTTP_REFERER"=>"/"}
REQUESTING PAGE: GET /signup with {} and HTTP headers {"HTTP_REFERER"=>"/help"}
REQUESTING PAGE: GET /profile with {} and HTTP headers {}
REQUESTING PAGE: GET /listings with {} and HTTP headers {"HTTP_REFERER"=>"/profile"}
REQUESTING PAGE: GET / with {} and HTTP headers {}
REQUESTING PAGE: GET /help with {} and HTTP headers {"HTTP_REFERER"=>"/"}
REQUESTING PAGE: GET /signup with {} and HTTP headers {"HTTP_REFERER"=>"/help"}
REQUESTING PAGE: GET /profile with {} and HTTP headers {}
REQUESTING PAGE: GET /listings with {} and HTTP headers {"HTTP_REFERER"=>"/profile"}
REQUESTING PAGE: GET / with {} and HTTP headers {}
REQUESTING PAGE: GET /help with {} and HTTP headers {"HTTP_REFERER"=>"/"}
REQUESTING PAGE: GET /signup with {} and HTTP headers {"HTTP_REFERER"=>"/help"}
REQUESTING PAGE: GET /profile with {} and HTTP headers {}
REQUESTING PAGE: GET /listings with {} and HTTP headers {"HTTP_REFERER"=>"/profile"}
REQUESTING PAGE: GET / with {} and HTTP headers {}
REQUESTING PAGE: GET /help with {} and HTTP headers {"HTTP_REFERER"=>"/"}
REQUESTING PAGE: GET /signup with {} and HTTP headers {"HTTP_REFERER"=>"/help"}
REQUESTING PAGE: GET /profile with {} and HTTP headers {}
REQUESTING PAGE: GET /listings with {} and HTTP headers {"HTTP_REFERER"=>"/profile"}
REQUESTING PAGE: GET / with {} and HTTP headers {}
REQUESTING PAGE: GET /help with {} and HTTP headers {"HTTP_REFERER"=>"/"}
REQUESTING PAGE: GET /signup with {} and HTTP headers {"HTTP_REFERER"=>"/help"}
REQUESTING PAGE: GET /profile with {} and HTTP headers {}
REQUESTING PAGE: GET /listings with {} and HTTP headers {"HTTP_REFERER"=>"/profile"}
REQUESTING PAGE: GET / with {} and HTTP headers {}
REQUESTING PAGE: GET /help with {} and HTTP headers {"HTTP_REFERER"=>"/"}
REQUESTING PAGE: GET /signup with {} and HTTP headers {"HTTP_REFERER"=>"/help"}
REQUESTING PAGE: GET /profile with {} and HTTP headers {}
REQUESTING PAGE: GET /listings with {} and HTTP headers {"HTTP_REFERER"=>"/profile"}
REQUESTING PAGE: GET / with {} and HTTP headers {}
REQUESTING PAGE: GET /help with {} and HTTP headers {"HTTP_REFERER"=>"/"}
REQUESTING PAGE: GET /signup with {} and HTTP headers {"HTTP_REFERER"=>"/help"}
REQUESTING PAGE: GET /profile with {} and HTTP headers {}
REQUESTING PAGE: GET /listings with {} and HTTP headers {"HTTP_REFERER"=>"/profile"}
REQUESTING PAGE: GET / with {} and HTTP headers {}
REQUESTING PAGE: GET /help with {} and HTTP headers {"HTTP_REFERER"=>"/"}
REQUESTING PAGE: GET /signup with {} and HTTP headers {"HTTP_REFERER"=>"/help"}
REQUESTING PAGE: GET /profile with {} and HTTP headers {}
REQUESTING PAGE: GET /listings with {} and HTTP headers {"HTTP_REFERER"=>"/profile"}
REQUESTING PAGE: GET / with {} and HTTP headers {}
REQUESTING PAGE: GET /help with {} and HTTP headers {"HTTP_REFERER"=>"/"}
REQUESTING PAGE: GET /signup with {} and HTTP headers {"HTTP_REFERER"=>"/help"}
REQUESTING PAGE: GET /profile with {} and HTTP headers {}
REQUESTING PAGE: GET /listings with {} and HTTP headers {"HTTP_REFERER"=>"/profile"}
REQUESTING PAGE: GET / with {} and HTTP headers {}
REQUESTING PAGE: GET /help with {} and HTTP headers {"HTTP_REFERER"=>"/"}
REQUESTING PAGE: GET /signup with {} and HTTP headers {"HTTP_REFERER"=>"/help"}
REQUESTING PAGE: GET /profile with {} and HTTP headers {}
REQUESTING PAGE: GET /listings with {} and HTTP headers {"HTTP_REFERER"=>"/profile"}
REQUESTING PAGE: GET / with {} and HTTP headers {}
REQUESTING PAGE: GET /help with {} and HTTP headers {"HTTP_REFERER"=>"/"}
REQUESTING PAGE: GET /signup with {} and HTTP headers {"HTTP_REFERER"=>"/help"}
REQUESTING PAGE: GET /profile with {} and HTTP headers {}
REQUESTING PAGE: GET /listings with {} and HTTP headers {"HTTP_REFERER"=>"/profile"}
REQUESTING PAGE: GET / with {} and HTTP headers {}
REQUESTING PAGE: GET /help with {} and HTTP headers {"HTTP_REFERER"=>"/"}
REQUESTING PAGE: GET /signup with {} and HTTP headers {"HTTP_REFERER"=>"/help"}
REQUESTING PAGE: GET /profile with {} and HTTP headers {}
REQUESTING PAGE: GET /listings with {} and HTTP headers {"HTTP_REFERER"=>"/profile"}
